<?xml version="1.0" encoding="UTF-8"?>
<!-- Generated by org.testng.reporters.JUnitReportReporter -->
<testsuite hostname="DESKTOP-1BNCDKD" failures="0" tests="1" name="com.Xero.testCases.TC_LoginTestCase" time="6.489" errors="0" timestamp="2020-08-02T14:06:17 NZST" skipped="0">
  <testcase classname="com.Xero.testCases.TC_LoginTestCase" name="loginTest" time="6.489"/>
  <system-out/>
</testsuite> <!-- com.Xero.testCases.TC_LoginTestCase -->
